19:44:16.880 [main] INFO  com.quipux.prueba.PruebaApplication - Starting PruebaApplication using Java 11.0.18 on DESKTOP-GJ1R3QU with PID 10852 (D:\Oscar\Oscar Mora\Prueba Quipux\prueba\target\classes started by Diana in D:\Oscar\Oscar Mora\Prueba Quipux\prueba)
19:44:16.884 [main] INFO  com.quipux.prueba.PruebaApplication - No active profile set, falling back to default profiles: default
19:44:18.387 [main] INFO  o.s.d.r.c.RepositoryConfigurationDelegate - Bootstrapping Spring Data JPA repositories in DEFAULT mode.
19:44:18.541 [main] INFO  o.s.d.r.c.RepositoryConfigurationDelegate - Finished Spring Data repository scanning in 126 ms. Found 2 JPA repository interfaces.
19:44:20.274 [main] INFO  o.s.b.w.e.tomcat.TomcatWebServer - Tomcat initialized with port(s): 8080 (http)
19:44:20.312 [main] INFO  o.a.coyote.http11.Http11NioProtocol - Initializing ProtocolHandler ["http-nio-8080"]
19:44:20.313 [main] INFO  o.a.catalina.core.StandardService - Starting service [Tomcat]
19:44:20.317 [main] INFO  o.a.catalina.core.StandardEngine - Starting Servlet engine: [Apache Tomcat/9.0.55]
19:44:20.640 [main] INFO  o.a.c.c.C.[Tomcat].[localhost].[/] - Initializing Spring embedded WebApplicationContext
19:44:20.640 [main] INFO  o.s.b.w.s.c.ServletWebServerApplicationContext - Root WebApplicationContext: initialization completed in 3632 ms
19:44:20.736 [main] INFO  com.zaxxer.hikari.HikariDataSource - HikariPool-1 - Starting...
19:44:21.147 [main] INFO  com.zaxxer.hikari.HikariDataSource - HikariPool-1 - Start completed.
19:44:21.174 [main] INFO  o.s.b.a.h.H2ConsoleAutoConfiguration - H2 console available at '/h2-console'. Database available at 'jdbc:h2:mem:testdb'
19:44:21.621 [main] INFO  o.h.jpa.internal.util.LogHelper - HHH000204: Processing PersistenceUnitInfo [name: default]
19:44:21.740 [main] INFO  org.hibernate.Version - HHH000412: Hibernate ORM core version 5.6.1.Final
19:44:22.092 [main] INFO  o.h.annotations.common.Version - HCANN000001: Hibernate Commons Annotations {5.1.2.Final}
19:44:22.323 [main] INFO  org.hibernate.dialect.Dialect - HHH000400: Using dialect: org.hibernate.dialect.H2Dialect
19:44:23.559 [main] INFO  o.h.e.t.j.p.i.JtaPlatformInitiator - HHH000490: Using JtaPlatform implementation: [org.hibernate.engine.transaction.jta.platform.internal.NoJtaPlatform]
19:44:23.573 [main] INFO  o.s.o.j.LocalContainerEntityManagerFactoryBean - Initialized JPA EntityManagerFactory for persistence unit 'default'
19:44:24.417 [main] WARN  o.s.b.a.o.j.JpaBaseConfiguration$JpaWebConfiguration - spring.jpa.open-in-view is enabled by default. Therefore, database queries may be performed during view rendering. Explicitly configure spring.jpa.open-in-view to disable this warning
19:44:25.014 [main] INFO  o.a.coyote.http11.Http11NioProtocol - Starting ProtocolHandler ["http-nio-8080"]
19:44:25.045 [main] INFO  o.s.b.w.e.tomcat.TomcatWebServer - Tomcat started on port(s): 8080 (http) with context path ''
19:44:25.060 [main] INFO  com.quipux.prueba.PruebaApplication - Started PruebaApplication in 8.917 seconds (JVM running for 10.075)
19:44:50.709 [http-nio-8080-exec-2] INFO  o.a.c.c.C.[Tomcat].[localhost].[/] - Initializing Spring DispatcherServlet 'dispatcherServlet'
19:44:50.709 [http-nio-8080-exec-2] INFO  o.s.web.servlet.DispatcherServlet - Initializing Servlet 'dispatcherServlet'
19:44:50.711 [http-nio-8080-exec-2] INFO  o.s.web.servlet.DispatcherServlet - Completed initialization in 1 ms
19:44:51.021 [http-nio-8080-exec-2] ERROR c.q.p.contoller.PlayListController - Error en la respuesta: No hay listas de reproducción disponibles
19:44:54.008 [http-nio-8080-exec-3] ERROR c.q.p.contoller.PlayListController - Se creo La lista con exito
19:46:15.405 [http-nio-8080-exec-10] ERROR c.q.p.contoller.PlayListController - Error en la respuesta: No hay listas de reproducción disponibles
20:05:39.919 [SpringApplicationShutdownHook] INFO  o.s.o.j.LocalContainerEntityManagerFactoryBean - Closing JPA EntityManagerFactory for persistence unit 'default'
20:05:40.669 [SpringApplicationShutdownHook] INFO  o.h.t.s.i.SchemaDropperImpl$DelayedDropActionImpl - HHH000477: Starting delayed evictData of schema as part of SessionFactory shut-down'
20:05:42.360 [SpringApplicationShutdownHook] INFO  com.zaxxer.hikari.HikariDataSource - HikariPool-1 - Shutdown initiated...
20:05:43.282 [SpringApplicationShutdownHook] INFO  com.zaxxer.hikari.HikariDataSource - HikariPool-1 - Shutdown completed.
